#
# There is insufficient memory for the Java Runtime Environment to continue.
# Native memory allocation (malloc) failed to allocate 331456 bytes. Error detail: Chunk::new
# Possible reasons:
#   The system is out of physical RAM or swap space
#   This process is running with CompressedOops enabled, and the Java Heap may be blocking the growth of the native heap
# Possible solutions:
#   Reduce memory load on the system
#   Increase physical memory or swap space
#   Check if swap backing store is full
#   Decrease Java heap size (-Xmx/-Xms)
#   Decrease number of Java threads
#   Decrease Java thread stack sizes (-Xss)
#   Set larger code cache with -XX:ReservedCodeCacheSize=
#   JVM is running with Unscaled Compressed Oops mode in which the Java heap is
#     placed in the first 4GB address space. The Java Heap base address is the
#     maximum limit for the native heap growth. Please use -XX:HeapBaseMinAddress
#     to set the Java Heap base and to place the Java Heap above 4GB virtual address.
# This output file may be truncated or incomplete.
#
#  Out of Memory Error (arena.cpp:168), pid=9520, tid=28036
#
# JRE version: OpenJDK Runtime Environment Temurin-21.0.9+10 (21.0.9+10) (build 21.0.9+10-LTS)
# Java VM: OpenJDK 64-Bit Server VM Temurin-21.0.9+10 (21.0.9+10-LTS, mixed mode, sharing, tiered, compressed oops, compressed class ptrs, g1 gc, windows-amd64)
# No core dump will be written. Minidumps are not enabled by default on client versions of Windows
#

---------------  S U M M A R Y ------------

Command Line: -ea -Dfile.encoding=UTF-8 -Dstdout.encoding=UTF-8 -Dstderr.encoding=UTF-8 -XX:+ShowCodeDetailsInExceptionMessages org.testng.remote.RemoteTestNG -serport 25189 -protocol json -d C:\Javaworkspace11nov\Opencartv1\test-output C:\Javaworkspace11nov\Opencartv1\master.xml

Host: AMD Ryzen 5 5500U with Radeon Graphics         , 12 cores, 5G,  Windows 11 , 64 bit Build 26100 (10.0.26100.7309)
Time: Fri Jan 30 23:12:08 2026 India Standard Time elapsed time: 36.053319 seconds (0d 0h 0m 36s)

---------------  T H R E A D  ---------------

Current thread (0x00000215a916cdc0):  JavaThread "C2 CompilerThread0" daemon [_thread_in_native, id=28036, stack(0x0000001e68f00000,0x0000001e69000000) (1024K)]


Current CompileTask:
C2:36054 3459       4       org.apache.xmlbeans.impl.schema.SchemaTypeSystemImpl$StringPool::codeForString (65 bytes)

Stack: [0x0000001e68f00000,0x0000001e69000000]
Native frames: (J=compiled Java code, j=interpreted, Vv=VM code, C=native code)
V  [jvm.dll+0x6d6e29]
V  [jvm.dll+0x8b4b76]
V  [jvm.dll+0x8b712e]
V  [jvm.dll+0x8b7813]
V  [jvm.dll+0x283d86]
V  [jvm.dll+0xc66ed]
V  [jvm.dll+0xc6c31]
V  [jvm.dll+0x2facee]
V  [jvm.dll+0x5fde44]
V  [jvm.dll+0x255557]
V  [jvm.dll+0x25591d]
V  [jvm.dll+0x24df40]
V  [jvm.dll+0x24b482]
V  [jvm.dll+0x1cb13e]
V  [jvm.dll+0x25b29d]
V  [jvm.dll+0x25982a]
V  [jvm.dll+0x3f7ea6]
V  [jvm.dll+0x85e9ad]
V  [jvm.dll+0x6d565d]
C  [ucrtbase.dll+0x37b0]
C  [KERNEL32.DLL+0x2e8d7]
C  [ntdll.dll+0x8c53c]


---------------  P R O C E S S  ---------------

Threads class SMR info:
_java_thread_list=0x00000215ef55c320, length=28, elements={
0x00000215918bb8c0, 0x00000215a9140990, 0x00000215a91414e0, 0x00000215a9144890,
0x00000215a9145770, 0x00000215a9146370, 0x00000215a91470a0, 0x00000215a916cdc0,
0x00000215a9150cd0, 0x00000215a92cdc00, 0x00000215a92d7000, 0x00000215a99518c0,
0x00000215a99f5cf0, 0x00000215a9d01b90, 0x00000215efd75e80, 0x00000215efc84140,
0x00000215efc86f30, 0x00000215efc875c0, 0x00000215efc847d0, 0x00000215efc86210,
0x00000215efc85b80, 0x00000215efc84e60, 0x00000215efc854f0, 0x00000215a93e9ec0,
0x00000215a93ea550, 0x00000215a93e9830, 0x00000215a93eabe0, 0x00000215a9757ba0
}

Java Threads: ( => current thread )
  0x00000215918bb8c0 JavaThread "main"                              [_thread_in_vm, id=45820, stack(0x0000001e68100000,0x0000001e68200000) (1024K)]
  0x00000215a9140990 JavaThread "Reference Handler"          daemon [_thread_blocked, id=34424, stack(0x0000001e68900000,0x0000001e68a00000) (1024K)]
  0x00000215a91414e0 JavaThread "Finalizer"                  daemon [_thread_blocked, id=20068, stack(0x0000001e68a00000,0x0000001e68b00000) (1024K)]
  0x00000215a9144890 JavaThread "Signal Dispatcher"          daemon [_thread_blocked, id=27956, stack(0x0000001e68b00000,0x0000001e68c00000) (1024K)]
  0x00000215a9145770 JavaThread "Attach Listener"            daemon [_thread_blocked, id=26088, stack(0x0000001e68c00000,0x0000001e68d00000) (1024K)]
  0x00000215a9146370 JavaThread "Service Thread"             daemon [_thread_blocked, id=37264, stack(0x0000001e68d00000,0x0000001e68e00000) (1024K)]
  0x00000215a91470a0 JavaThread "Monitor Deflation Thread"   daemon [_thread_blocked, id=36360, stack(0x0000001e68e00000,0x0000001e68f00000) (1024K)]
=>0x00000215a916cdc0 JavaThread "C2 CompilerThread0"         daemon [_thread_in_native, id=28036, stack(0x0000001e68f00000,0x0000001e69000000) (1024K)]
  0x00000215a9150cd0 JavaThread "C1 CompilerThread0"         daemon [_thread_in_vm, id=41112, stack(0x0000001e69000000,0x0000001e69100000) (1024K)]
  0x00000215a92cdc00 JavaThread "Notification Thread"        daemon [_thread_blocked, id=50900, stack(0x0000001e69100000,0x0000001e69200000) (1024K)]
  0x00000215a92d7000 JavaThread "Common-Cleaner"             daemon [_thread_blocked, id=3088, stack(0x0000001e69200000,0x0000001e69300000) (1024K)]
  0x00000215a99518c0 JavaThread "ReaderThread"                      [_thread_in_native, id=35756, stack(0x0000001e69500000,0x0000001e69600000) (1024K)]
  0x00000215a99f5cf0 JavaThread "ForkJoinPool.commonPool-worker-1" daemon [_thread_blocked, id=50372, stack(0x0000001e69300000,0x0000001e69400000) (1024K)]
  0x00000215a9d01b90 JavaThread "ForkJoinPool.commonPool-worker-2" daemon [_thread_blocked, id=41976, stack(0x0000001e69c00000,0x0000001e69d00000) (1024K)]
  0x00000215efd75e80 JavaThread "UrlChecker-2"               daemon [_thread_blocked, id=21192, stack(0x0000001e6a700000,0x0000001e6a800000) (1024K)]
  0x00000215efc84140 JavaThread "CompletableFutureDelayScheduler" daemon [_thread_blocked, id=44520, stack(0x0000001e6aa00000,0x0000001e6ab00000) (1024K)]
  0x00000215efc86f30 JavaThread "HttpClient-3-SelectorManager" daemon [_thread_in_native, id=10432, stack(0x0000001e6a300000,0x0000001e6a400000) (1024K)]
  0x00000215efc875c0 JavaThread "External Process Output Forwarder - C:\Users\VAMSHI\.cache\selenium\msedgedriver\win64\143.0.3650.139\msedgedriver.exe" daemon [_thread_in_native, id=19212, stack(0x0000001e6a400000,0x0000001e6a500000) (1024K)]
  0x00000215efc847d0 JavaThread "Driver Service Executor"    daemon [_thread_blocked, id=28324, stack(0x0000001e6a500000,0x0000001e6a600000) (1024K)]
  0x00000215efc86210 JavaThread "Driver Service Executor"    daemon [_thread_in_native, id=11460, stack(0x0000001e6a600000,0x0000001e6a700000) (1024K)]
  0x00000215efc85b80 JavaThread "JdkHttpClient-2-0"          daemon [_thread_blocked, id=46288, stack(0x0000001e6a800000,0x0000001e6a900000) (1024K)]
  0x00000215efc84e60 JavaThread "JdkHttpClient-2-1"          daemon [_thread_blocked, id=49856, stack(0x0000001e6a900000,0x0000001e6aa00000) (1024K)]
  0x00000215efc854f0 JavaThread "JdkHttpClient-2-2"          daemon [_thread_blocked, id=6620, stack(0x0000001e6ab00000,0x0000001e6ac00000) (1024K)]
  0x00000215a93e9ec0 JavaThread "HttpClient-4-SelectorManager" daemon [_thread_in_native, id=42372, stack(0x0000001e6ac00000,0x0000001e6ad00000) (1024K)]
  0x00000215a93ea550 JavaThread "JdkHttpClient-3-0"          daemon [_thread_blocked, id=44192, stack(0x0000001e6ad00000,0x0000001e6ae00000) (1024K)]
  0x00000215a93e9830 JavaThread "JdkHttpClient-3-1"          daemon [_thread_blocked, id=20856, stack(0x0000001e6ae00000,0x0000001e6af00000) (1024K)]
  0x00000215a93eabe0 JavaThread "JdkHttpClient-3-2"          daemon [_thread_blocked, id=50408, stack(0x0000001e6af00000,0x0000001e6b000000) (1024K)]
  0x00000215a9757ba0 JavaThread "C2 CompilerThread1"         daemon [_thread_blocked, id=19128, stack(0x0000001e69d00000,0x0000001e69e00000) (1024K)]
Total: 28

Other Threads:
  0x00000215a9126b20 VMThread "VM Thread"                           [id=17944, stack(0x0000001e68800000,0x0000001e68900000) (1024K)]
  0x00000215a9112cd0 WatcherThread "VM Periodic Task Thread"        [id=10856, stack(0x0000001e68700000,0x0000001e68800000) (1024K)]
  0x00000215918ff890 WorkerThread "GC Thread#0"                     [id=21688, stack(0x0000001e68200000,0x0000001e68300000) (1024K)]
  0x00000215a9d1d940 WorkerThread "GC Thread#1"                     [id=27008, stack(0x0000001e69600000,0x0000001e69700000) (1024K)]
  0x00000215a9d1dce0 WorkerThread "GC Thread#2"                     [id=37472, stack(0x0000001e69700000,0x0000001e69800000) (1024K)]
  0x00000215a9d1e080 WorkerThread "GC Thread#3"                     [id=12268, stack(0x0000001e69800000,0x0000001e69900000) (1024K)]
  0x00000215a97bb690 WorkerThread "GC Thread#4"                     [id=31536, stack(0x0000001e69900000,0x0000001e69a00000) (1024K)]
  0x00000215a97b9e40 WorkerThread "GC Thread#5"                     [id=13244, stack(0x0000001e69a00000,0x0000001e69b00000) (1024K)]
  0x00000215a97c4270 WorkerThread "GC Thread#6"                     [id=47896, stack(0x0000001e69b00000,0x0000001e69c00000) (1024K)]
  0x00000215ef951920 WorkerThread "GC Thread#7"                     [id=45560, stack(0x0000001e69e00000,0x0000001e69f00000) (1024K)]
  0x00000215ef9511e0 WorkerThread "GC Thread#8"                     [id=45304, stack(0x0000001e69f00000,0x0000001e6a000000) (1024K)]
  0x00000215ef951580 WorkerThread "GC Thread#9"                     [id=51156, stack(0x0000001e6a000000,0x0000001e6a100000) (1024K)]
  0x000002159190c340 ConcurrentGCThread "G1 Main Marker"            [id=37976, stack(0x0000001e68300000,0x0000001e68400000) (1024K)]
  0x000002159190f620 WorkerThread "G1 Conc#0"                       [id=29864, stack(0x0000001e68400000,0x0000001e68500000) (1024K)]
  0x00000215ef952060 WorkerThread "G1 Conc#1"                       [id=41132, stack(0x0000001e6a100000,0x0000001e6a200000) (1024K)]
  0x00000215ef951cc0 WorkerThread "G1 Conc#2"                       [id=16660, stack(0x0000001e6a200000,0x0000001e6a300000) (1024K)]
  0x000002159196e430 ConcurrentGCThread "G1 Refine#0"               [id=42476, stack(0x0000001e68500000,0x0000001e68600000) (1024K)]
  0x00000215a8fe54f0 ConcurrentGCThread "G1 Service"                [id=44824, stack(0x0000001e68600000,0x0000001e68700000) (1024K)]
Total: 18

Threads with active compile tasks:
C2 CompilerThread0  36119 3459       4       org.apache.xmlbeans.impl.schema.SchemaTypeSystemImpl$StringPool::codeForString (65 bytes)
C1 CompilerThread0  36119 3487       3       org.apache.xmlbeans.impl.store.Cur$Locations::insert (109 bytes)
Total: 2

VM state: not at safepoint (normal execution)

VM Mutex/Monitor currently owned by a thread: None

Heap address: 0x00000000a2200000, size: 1502 MB, Compressed Oops mode: 32-bit

CDS archive(s) mapped at: [0x00000215aa000000-0x00000215aac80000-0x00000215aac80000), size 13107200, SharedBaseAddress: 0x00000215aa000000, ArchiveRelocationMode: 1.
Compressed class space mapped at: 0x00000215ab000000-0x00000215eb000000, reserved size: 1073741824
Narrow klass base: 0x00000215aa000000, Narrow klass shift: 0, Narrow klass range: 0x100000000

GC Precious Log:
 CardTable entry size: 512
 Card Set container configuration: InlinePtr #cards 5 size 8 Array Of Cards #cards 12 size 40 Howl #buckets 4 coarsen threshold 1843 Howl Bitmap #cards 512 size 80 coarsen threshold 460 Card regions per heap region 1 cards per card region 2048
 CPUs: 12 total, 12 available
 Memory: 6005M
 Large Page Support: Disabled
 NUMA Support: Disabled
 Compressed Oops: Enabled (32-bit)
 Heap Region Size: 1M
 Heap Min Capacity: 8M
 Heap Initial Capacity: 94M
 Heap Max Capacity: 1502M
 Pre-touch: Disabled
 Parallel Workers: 10
 Concurrent Workers: 3
 Concurrent Refinement Workers: 10
 Periodic GC: Disabled

Heap:
 garbage-first heap   total 45056K, used 25654K [0x00000000a2200000, 0x0000000100000000)
  region size 1024K, 12 young (12288K), 2 survivors (2048K)
 Metaspace       used 32283K, committed 32768K, reserved 1114112K
  class space    used 4033K, committed 4224K, reserved 1048576K

Heap Regions: E=young(eden), S=young(survivor), O=old, HS=humongous(starts), HC=humongous(continues), CS=collection set, F=free, TAMS=top-at-mark-start, PB=parsable bottom
|   0|0x00000000a2200000, 0x00000000a2300000, 0x00000000a2300000|100%|HS|  |TAMS 0x00000000a2200000| PB 0x00000000a2200000| Complete 
|   1|0x00000000a2300000, 0x00000000a2400000, 0x00000000a2400000|100%| O|  |TAMS 0x00000000a2300000| PB 0x00000000a2300000| Untracked 
|   2|0x00000000a2400000, 0x00000000a2500000, 0x00000000a2500000|100%| O|  |TAMS 0x00000000a2400000| PB 0x00000000a2400000| Untracked 
|   3|0x00000000a2500000, 0x00000000a2600000, 0x00000000a2600000|100%| O|  |TAMS 0x00000000a2500000| PB 0x00000000a2500000| Untracked 
|   4|0x00000000a2600000, 0x00000000a2700000, 0x00000000a2700000|100%| O|  |TAMS 0x00000000a2600000| PB 0x00000000a2600000| Untracked 
|   5|0x00000000a2700000, 0x00000000a2800000, 0x00000000a2800000|100%| O|  |TAMS 0x00000000a2700000| PB 0x00000000a2700000| Untracked 
|   6|0x00000000a2800000, 0x00000000a2900000, 0x00000000a2900000|100%| O|  |TAMS 0x00000000a2800000| PB 0x00000000a2800000| Untracked 
|   7|0x00000000a2900000, 0x00000000a2a00000, 0x00000000a2a00000|100%| O|  |TAMS 0x00000000a2900000| PB 0x00000000a2900000| Untracked 
|   8|0x00000000a2a00000, 0x00000000a2b00000, 0x00000000a2b00000|100%| O|  |TAMS 0x00000000a2a00000| PB 0x00000000a2a00000| Untracked 
|   9|0x00000000a2b00000, 0x00000000a2c00000, 0x00000000a2c00000|100%| O|  |TAMS 0x00000000a2b00000| PB 0x00000000a2b00000| Untracked 
|  10|0x00000000a2c00000, 0x00000000a2d00000, 0x00000000a2d00000|100%| O|  |TAMS 0x00000000a2c00000| PB 0x00000000a2c00000| Untracked 
|  11|0x00000000a2d00000, 0x00000000a2e00000, 0x00000000a2e00000|100%| O|  |TAMS 0x00000000a2d00000| PB 0x00000000a2d00000| Untracked 
|  12|0x00000000a2e00000, 0x00000000a2f00000, 0x00000000a2f00000|100%| O|  |TAMS 0x00000000a2e00000| PB 0x00000000a2e00000| Untracked 
|  13|0x00000000a2f00000, 0x00000000a3000000, 0x00000000a3000000|100%| O|  |TAMS 0x00000000a2f00000| PB 0x00000000a2f00000| Untracked 
|  14|0x00000000a3000000, 0x00000000a30bbcc0, 0x00000000a3100000| 73%| O|  |TAMS 0x00000000a3000000| PB 0x00000000a3000000| Untracked 
|  15|0x00000000a3100000, 0x00000000a3100000, 0x00000000a3200000|  0%| F|  |TAMS 0x00000000a3100000| PB 0x00000000a3100000| Untracked 
|  16|0x00000000a3200000, 0x00000000a3200000, 0x00000000a3300000|  0%| F|  |TAMS 0x00000000a3200000| PB 0x00000000a3200000| Untracked 
|  17|0x00000000a3300000, 0x00000000a3300000, 0x00000000a3400000|  0%| F|  |TAMS 0x00000000a3300000| PB 0x00000000a3300000| Untracked 
|  18|0x00000000a3400000, 0x00000000a3400000, 0x00000000a3500000|  0%| F|  |TAMS 0x00000000a3400000| PB 0x00000000a3400000| Untracked 
|  19|0x00000000a3500000, 0x00000000a3500000, 0x00000000a3600000|  0%| F|  |TAMS 0x00000000a3500000| PB 0x00000000a3500000| Untracked 
|  20|0x00000000a3600000, 0x00000000a3600000, 0x00000000a3700000|  0%| F|  |TAMS 0x00000000a3600000| PB 0x00000000a3600000| Untracked 
|  21|0x00000000a3700000, 0x00000000a3700000, 0x00000000a3800000|  0%| F|  |TAMS 0x00000000a3700000| PB 0x00000000a3700000| Untracked 
|  22|0x00000000a3800000, 0x00000000a3851cc0, 0x00000000a3900000| 31%| S|CS|TAMS 0x00000000a3800000| PB 0x00000000a3800000| Complete 
|  23|0x00000000a3900000, 0x00000000a3a00000, 0x00000000a3a00000|100%| S|CS|TAMS 0x00000000a3900000| PB 0x00000000a3900000| Complete 
|  24|0x00000000a3a00000, 0x00000000a3a00000, 0x00000000a3b00000|  0%| F|  |TAMS 0x00000000a3a00000| PB 0x00000000a3a00000| Untracked 
|  25|0x00000000a3b00000, 0x00000000a3b00000, 0x00000000a3c00000|  0%| F|  |TAMS 0x00000000a3b00000| PB 0x00000000a3b00000| Untracked 
|  26|0x00000000a3c00000, 0x00000000a3c00000, 0x00000000a3d00000|  0%| F|  |TAMS 0x00000000a3c00000| PB 0x00000000a3c00000| Untracked 
|  27|0x00000000a3d00000, 0x00000000a3d00000, 0x00000000a3e00000|  0%| F|  |TAMS 0x00000000a3d00000| PB 0x00000000a3d00000| Untracked 
|  28|0x00000000a3e00000, 0x00000000a3e00000, 0x00000000a3f00000|  0%| F|  |TAMS 0x00000000a3e00000| PB 0x00000000a3e00000| Untracked 
|  29|0x00000000a3f00000, 0x00000000a3f00000, 0x00000000a4000000|  0%| F|  |TAMS 0x00000000a3f00000| PB 0x00000000a3f00000| Untracked 
|  30|0x00000000a4000000, 0x00000000a4000000, 0x00000000a4100000|  0%| F|  |TAMS 0x00000000a4000000| PB 0x00000000a4000000| Untracked 
|  31|0x00000000a4100000, 0x00000000a4100000, 0x00000000a4200000|  0%| F|  |TAMS 0x00000000a4100000| PB 0x00000000a4100000| Untracked 
|  32|0x00000000a4200000, 0x00000000a4200000, 0x00000000a4300000|  0%| F|  |TAMS 0x00000000a4200000| PB 0x00000000a4200000| Untracked 
|  33|0x00000000a4300000, 0x00000000a4300000, 0x00000000a4400000|  0%| F|  |TAMS 0x00000000a4300000| PB 0x00000000a4300000| Untracked 
|  34|0x00000000a4400000, 0x00000000a445ef28, 0x00000000a4500000| 37%| E|  |TAMS 0x00000000a4400000| PB 0x00000000a4400000| Complete 
|  35|0x00000000a4500000, 0x00000000a4600000, 0x00000000a4600000|100%| E|CS|TAMS 0x00000000a4500000| PB 0x00000000a4500000| Complete 
|  36|0x00000000a4600000, 0x00000000a4700000, 0x00000000a4700000|100%| E|CS|TAMS 0x00000000a4600000| PB 0x00000000a4600000| Complete 
|  37|0x00000000a4700000, 0x00000000a4800000, 0x00000000a4800000|100%| E|CS|TAMS 0x00000000a4700000| PB 0x00000000a4700000| Complete 
|  73|0x00000000a6b00000, 0x00000000a6c00000, 0x00000000a6c00000|100%| E|CS|TAMS 0x00000000a6b00000| PB 0x00000000a6b00000| Complete 
|  74|0x00000000a6c00000, 0x00000000a6d00000, 0x00000000a6d00000|100%| E|CS|TAMS 0x00000000a6c00000| PB 0x00000000a6c00000| Complete 
|  75|0x00000000a6d00000, 0x00000000a6e00000, 0x00000000a6e00000|100%| E|CS|TAMS 0x00000000a6d00000| PB 0x00000000a6d00000| Complete 
|  76|0x00000000a6e00000, 0x00000000a6f00000, 0x00000000a6f00000|100%| E|CS|TAMS 0x00000000a6e00000| PB 0x00000000a6e00000| Complete 
|  77|0x00000000a6f00000, 0x00000000a7000000, 0x00000000a7000000|100%| E|CS|TAMS 0x00000000a6f00000| PB 0x00000000a6f00000| Complete 
|  93|0x00000000a7f00000, 0x00000000a8000000, 0x00000000a8000000|100%| E|CS|TAMS 0x00000000a7f00000| PB 0x00000000a7f00000| Complete 

Card table byte_map: [0x00000215a4a90000,0x00000215a4d80000] _byte_map_base: 0x00000215a457f000

Marking Bits: (CMBitMap*) 0x00000215918ffea0
 Bits: [0x00000215a4d80000, 0x00000215a64f8000)

Polling page: 0x000002158f6a0000

Metaspace:

Usage:
  Non-class:     27.59 MB used.
      Class:      3.94 MB used.
       Both:     31.53 MB used.

Virtual space:
  Non-class space:       64.00 MB reserved,      27.88 MB ( 44%) committed,  1 nodes.
      Class space:        1.00 GB reserved,       4.12 MB ( <1%) committed,  1 nodes.
             Both:        1.06 GB reserved,      32.00 MB (  3%) committed. 

Chunk freelists:
   Non-Class:  3.77 MB
       Class:  11.91 MB
        Both:  15.67 MB

MaxMetaspaceSize: unlimited
CompressedClassSpaceSize: 1.00 GB
Initial GC threshold: 21.00 MB
Current GC threshold: 35.12 MB
CDS: on
 - commit_granule_bytes: 65536.
 - commit_granule_words: 8192.
 - virtual_space_node_default_size: 8388608.
 - enlarge_chunks_in_place: 1.
 - use_allocation_guard: 0.


Internal statistics:

num_allocs_failed_limit: 3.
num_arena_births: 614.
num_arena_deaths: 0.
num_vsnodes_births: 2.
num_vsnodes_deaths: 0.
num_space_committed: 512.
num_space_uncommitted: 0.
num_chunks_returned_to_freelist: 3.
num_chunks_taken_from_freelist: 1598.
num_chunk_merges: 3.
num_chunk_splits: 1058.
num_chunks_enlarged: 727.
num_inconsistent_stats: 0.

CodeHeap 'non-profiled nmethods': size=120000Kb used=1558Kb max_used=1558Kb free=118441Kb
 bounds [0x000002159cd20000, 0x000002159cf90000, 0x00000215a4250000]
CodeHeap 'profiled nmethods': size=120000Kb used=6752Kb max_used=6752Kb free=113248Kb
 bounds [0x0000021595250000, 0x00000215958f0000, 0x000002159c780000]
CodeHeap 'non-nmethods': size=5760Kb used=1531Kb max_used=1555Kb free=4229Kb
 bounds [0x000002159c780000, 0x000002159c9f0000, 0x000002159cd20000]
CodeCache: size=245760Kb, used=9841Kb, max_used=9865Kb, free=235918Kb
 total_blobs=4174, nmethods=3493, adapters=585, full_count=0
Compilation: enabled, stopped_count=0, restarted_count=0

Compilation events (20 events):
Event: 33.973 Thread 0x00000215a9150cd0 nmethod 3452 0x00000215958c8810 code [0x00000215958c8a00, 0x00000215958c8fe8]
Event: 33.980 Thread 0x00000215a9757ba0 3453       4       jdk.internal.jimage.ImageLocation::verify (218 bytes)
Event: 33.986 Thread 0x00000215a9150cd0 3454       3       java.util.HashSet::isEmpty (8 bytes)
Event: 33.987 Thread 0x00000215a9150cd0 nmethod 3454 0x00000215958c9190 code [0x00000215958c9340, 0x00000215958c9588]
Event: 33.996 Thread 0x00000215a9150cd0 3455       3       org.apache.xmlbeans.impl.schema.XsbReader::readTypeRef (8 bytes)
Event: 33.996 Thread 0x00000215a916cdc0 3457       4       org.apache.xmlbeans.impl.schema.XsbReader::readString (14 bytes)
Event: 33.996 Thread 0x00000215a9150cd0 nmethod 3455 0x00000215958c9690 code [0x00000215958c9840, 0x00000215958c9a88]
Event: 33.996 Thread 0x00000215a9150cd0 3456       3       java.util.HashSet::size (8 bytes)
Event: 33.996 Thread 0x00000215a9150cd0 nmethod 3456 0x00000215958c9b90 code [0x00000215958c9d20, 0x00000215958c9ed0]
Event: 33.996 Thread 0x00000215a9150cd0 3458       3       java.util.Collections$UnmodifiableSet::<init> (6 bytes)
Event: 33.997 Thread 0x00000215a9150cd0 nmethod 3458 0x00000215958c9f90 code [0x00000215958ca160, 0x00000215958ca478]
Event: 34.003 Thread 0x00000215a916cdc0 nmethod 3457 0x000002159ce9fd10 code [0x000002159ce9ff00, 0x000002159cea0300]
Event: 34.008 Thread 0x00000215a916cdc0 3459       4       org.apache.xmlbeans.impl.schema.SchemaTypeSystemImpl$StringPool::codeForString (65 bytes)
Event: 34.009 Thread 0x00000215a9150cd0 3460       3       org.apache.xmlbeans.impl.schema.XsbReader::atLeast (54 bytes)
Event: 34.009 Thread 0x00000215a9150cd0 nmethod 3460 0x00000215958ca590 code [0x00000215958ca760, 0x00000215958caa38]
Event: 34.009 Thread 0x00000215a9150cd0 3461       1       org.apache.xmlbeans.impl.schema.SchemaPropertyImpl::isAttribute (5 bytes)
Event: 34.009 Thread 0x00000215a9150cd0 nmethod 3461 0x000002159cea0890 code [0x000002159cea0a20, 0x000002159cea0af0]
Event: 34.014 Thread 0x00000215a9150cd0 3462       3       java.io.WinNTFileSystem::normalizePrefix (132 bytes)
Event: 34.017 Thread 0x00000215a9150cd0 nmethod 3462 0x00000215958cab10 code [0x00000215958caf20, 0x00000215958ccec8]
Event: 34.025 Thread 0x00000215a9150cd0 3463       3       org.apache.xmlbeans.impl.schema.XsbReader::readBigInteger (54 bytes)

GC Heap History (14 events):
Event: 1.411 GC heap before
{Heap before GC invocations=0 (full 0):
 garbage-first heap   total 96256K, used 23552K [0x00000000a2200000, 0x0000000100000000)
  region size 1024K, 23 young (23552K), 0 survivors (0K)
 Metaspace       used 7382K, committed 7616K, reserved 1114112K
  class space    used 853K, committed 960K, reserved 1048576K
}
Event: 1.420 GC heap after
{Heap after GC invocations=1 (full 0):
 garbage-first heap   total 96256K, used 7448K [0x00000000a2200000, 0x0000000100000000)
  region size 1024K, 3 young (3072K), 3 survivors (3072K)
 Metaspace       used 7382K, committed 7616K, reserved 1114112K
  class space    used 853K, committed 960K, reserved 1048576K
}
Event: 2.938 GC heap before
{Heap before GC invocations=1 (full 0):
 garbage-first heap   total 96256K, used 37144K [0x00000000a2200000, 0x0000000100000000)
  region size 1024K, 33 young (33792K), 3 survivors (3072K)
 Metaspace       used 15822K, committed 16192K, reserved 1114112K
  class space    used 1918K, committed 2112K, reserved 1048576K
}
Event: 2.947 GC heap after
{Heap after GC invocations=2 (full 0):
 garbage-first heap   total 96256K, used 10201K [0x00000000a2200000, 0x0000000100000000)
  region size 1024K, 5 young (5120K), 5 survivors (5120K)
 Metaspace       used 15822K, committed 16192K, reserved 1114112K
  class space    used 1918K, committed 2112K, reserved 1048576K
}
Event: 4.519 GC heap before
{Heap before GC invocations=2 (full 0):
 garbage-first heap   total 96256K, used 24537K [0x00000000a2200000, 0x0000000100000000)
  region size 1024K, 21 young (21504K), 5 survivors (5120K)
 Metaspace       used 21052K, committed 21504K, reserved 1114112K
  class space    used 2546K, committed 2752K, reserved 1048576K
}
Event: 4.527 GC heap after
{Heap after GC invocations=3 (full 0):
 garbage-first heap   total 96256K, used 12726K [0x00000000a2200000, 0x0000000100000000)
  region size 1024K, 5 young (5120K), 5 survivors (5120K)
 Metaspace       used 21052K, committed 21504K, reserved 1114112K
  class space    used 2546K, committed 2752K, reserved 1048576K
}
Event: 17.660 GC heap before
{Heap before GC invocations=4 (full 0):
 garbage-first heap   total 45056K, used 34230K [0x00000000a2200000, 0x0000000100000000)
  region size 1024K, 26 young (26624K), 5 survivors (5120K)
 Metaspace       used 26065K, committed 26496K, reserved 1114112K
  class space    used 3267K, committed 3456K, reserved 1048576K
}
Event: 17.673 GC heap after
{Heap after GC invocations=5 (full 0):
 garbage-first heap   total 45056K, used 14089K [0x00000000a2200000, 0x0000000100000000)
  region size 1024K, 2 young (2048K), 2 survivors (2048K)
 Metaspace       used 26065K, committed 26496K, reserved 1114112K
  class space    used 3267K, committed 3456K, reserved 1048576K
}
Event: 33.706 GC heap before
{Heap before GC invocations=5 (full 0):
 garbage-first heap   total 45056K, used 33545K [0x00000000a2200000, 0x0000000100000000)
  region size 1024K, 21 young (21504K), 2 survivors (2048K)
 Metaspace       used 30587K, committed 31104K, reserved 1114112K
  class space    used 3812K, committed 4032K, reserved 1048576K
}
Event: 33.712 GC heap after
{Heap after GC invocations=6 (full 0):
 garbage-first heap   total 45056K, used 15104K [0x00000000a2200000, 0x0000000100000000)
  region size 1024K, 3 young (3072K), 3 survivors (3072K)
 Metaspace       used 30587K, committed 31104K, reserved 1114112K
  class space    used 3812K, committed 4032K, reserved 1048576K
}
Event: 33.760 GC heap before
{Heap before GC invocations=6 (full 0):
 garbage-first heap   total 45056K, used 34560K [0x00000000a2200000, 0x0000000100000000)
  region size 1024K, 22 young (22528K), 3 survivors (3072K)
 Metaspace       used 30646K, committed 31168K, reserved 1114112K
  class space    used 3820K, committed 4032K, reserved 1048576K
}
Event: 33.765 GC heap after
{Heap after GC invocations=7 (full 0):
 garbage-first heap   total 45056K, used 15799K [0x00000000a2200000, 0x0000000100000000)
  region size 1024K, 2 young (2048K), 2 survivors (2048K)
 Metaspace       used 30646K, committed 31168K, reserved 1114112K
  class space    used 3820K, committed 4032K, reserved 1048576K
}
Event: 33.793 GC heap before
{Heap before GC invocations=7 (full 0):
 garbage-first heap   total 45056K, used 36279K [0x00000000a2200000, 0x0000000100000000)
  region size 1024K, 22 young (22528K), 2 survivors (2048K)
 Metaspace       used 30646K, committed 31168K, reserved 1114112K
  class space    used 3820K, committed 4032K, reserved 1048576K
}
Event: 33.797 GC heap after
{Heap after GC invocations=8 (full 0):
 garbage-first heap   total 45056K, used 16438K [0x00000000a2200000, 0x0000000100000000)
  region size 1024K, 2 young (2048K), 2 survivors (2048K)
 Metaspace       used 30646K, committed 31168K, reserved 1114112K
  class space    used 3820K, committed 4032K, reserved 1048576K
}

Dll operation events (10 events):
Event: 0.016 Loaded shared library C:\Users\VAMSHI\.p2\pool\plugins\org.eclipse.justj.openjdk.hotspot.jre.full.win32.x86_64_21.0.9.v20251105-0741\jre\bin\java.dll
Event: 0.060 Loaded shared library C:\Users\VAMSHI\.p2\pool\plugins\org.eclipse.justj.openjdk.hotspot.jre.full.win32.x86_64_21.0.9.v20251105-0741\jre\bin\zip.dll
Event: 0.165 Loaded shared library C:\Users\VAMSHI\.p2\pool\plugins\org.eclipse.justj.openjdk.hotspot.jre.full.win32.x86_64_21.0.9.v20251105-0741\jre\bin\net.dll
Event: 0.169 Loaded shared library C:\Users\VAMSHI\.p2\pool\plugins\org.eclipse.justj.openjdk.hotspot.jre.full.win32.x86_64_21.0.9.v20251105-0741\jre\bin\nio.dll
Event: 0.176 Loaded shared library C:\Users\VAMSHI\.p2\pool\plugins\org.eclipse.justj.openjdk.hotspot.jre.full.win32.x86_64_21.0.9.v20251105-0741\jre\bin\zip.dll
Event: 0.449 Loaded shared library C:\Users\VAMSHI\.p2\pool\plugins\org.eclipse.justj.openjdk.hotspot.jre.full.win32.x86_64_21.0.9.v20251105-0741\jre\bin\jimage.dll
Event: 0.664 Loaded shared library C:\Users\VAMSHI\.p2\pool\plugins\org.eclipse.justj.openjdk.hotspot.jre.full.win32.x86_64_21.0.9.v20251105-0741\jre\bin\extnet.dll
Event: 2.499 Loaded shared library C:\Users\VAMSHI\.p2\pool\plugins\org.eclipse.justj.openjdk.hotspot.jre.full.win32.x86_64_21.0.9.v20251105-0741\jre\bin\management.dll
Event: 2.507 Loaded shared library C:\Users\VAMSHI\.p2\pool\plugins\org.eclipse.justj.openjdk.hotspot.jre.full.win32.x86_64_21.0.9.v20251105-0741\jre\bin\management_ext.dll
Event: 4.484 Loaded shared library C:\Users\VAMSHI\.p2\pool\plugins\org.eclipse.justj.openjdk.hotspot.jre.full.win32.x86_64_21.0.9.v20251105-0741\jre\bin\sunmscapi.dll

Deoptimization events (20 events):
Event: 33.807 Thread 0x00000215918bb8c0 Uncommon trap: trap_request=0xffffff45 fr.pc=0x000002159ce7b630 relative=0x0000000000001e50
Event: 33.807 Thread 0x00000215918bb8c0 Uncommon trap: reason=unstable_if action=reinterpret pc=0x000002159ce7b630 method=java.util.zip.InflaterInputStream.read([BII)I @ 74 c2
Event: 33.807 Thread 0x00000215918bb8c0 DEOPT PACKING pc=0x000002159ce7b630 sp=0x0000001e681fc080
Event: 33.807 Thread 0x00000215918bb8c0 DEOPT UNPACKING pc=0x000002159c7d4422 sp=0x0000001e681fc0c0 mode 2
Event: 33.924 Thread 0x00000215918bb8c0 Uncommon trap: trap_request=0xffffff45 fr.pc=0x000002159cddd130 relative=0x00000000000003f0
Event: 33.924 Thread 0x00000215918bb8c0 Uncommon trap: reason=unstable_if action=reinterpret pc=0x000002159cddd130 method=java.lang.StringUTF16.compress([CII)[B @ 13 c2
Event: 33.924 Thread 0x00000215918bb8c0 DEOPT PACKING pc=0x000002159cddd130 sp=0x0000001e681fcf60
Event: 33.924 Thread 0x00000215918bb8c0 DEOPT UNPACKING pc=0x000002159c7d4422 sp=0x0000001e681fcea0 mode 2
Event: 33.924 Thread 0x00000215918bb8c0 Uncommon trap: trap_request=0xffffff45 fr.pc=0x000002159cdf70a4 relative=0x0000000000000264
Event: 33.924 Thread 0x00000215918bb8c0 Uncommon trap: reason=unstable_if action=reinterpret pc=0x000002159cdf70a4 method=java.lang.String.getChars(II[CI)V @ 24 c2
Event: 33.924 Thread 0x00000215918bb8c0 DEOPT PACKING pc=0x000002159cdf70a4 sp=0x0000001e681fced0
Event: 33.924 Thread 0x00000215918bb8c0 DEOPT UNPACKING pc=0x000002159c7d4422 sp=0x0000001e681fce90 mode 2
Event: 33.924 Thread 0x00000215918bb8c0 Uncommon trap: trap_request=0xffffff45 fr.pc=0x000002159cdd9830 relative=0x0000000000000210
Event: 33.924 Thread 0x00000215918bb8c0 Uncommon trap: reason=unstable_if action=reinterpret pc=0x000002159cdd9830 method=java.lang.StringUTF16.compress([CII)[B @ 13 c2
Event: 33.924 Thread 0x00000215918bb8c0 DEOPT PACKING pc=0x000002159cdd9830 sp=0x0000001e681fcef0
Event: 33.925 Thread 0x00000215918bb8c0 DEOPT UNPACKING pc=0x000002159c7d4422 sp=0x0000001e681fce90 mode 2
Event: 33.925 Thread 0x00000215918bb8c0 Uncommon trap: trap_request=0xffffff45 fr.pc=0x000002159cd85a74 relative=0x00000000000001d4
Event: 33.925 Thread 0x00000215918bb8c0 Uncommon trap: reason=unstable_if action=reinterpret pc=0x000002159cd85a74 method=java.lang.StringUTF16.compress([CI[BII)I @ 20 c2
Event: 33.925 Thread 0x00000215918bb8c0 DEOPT PACKING pc=0x000002159cd85a74 sp=0x0000001e681fce70
Event: 33.925 Thread 0x00000215918bb8c0 DEOPT UNPACKING pc=0x000002159c7d4422 sp=0x0000001e681fce08 mode 2

Classes loaded (20 events):
Event: 33.650 Loading class java/util/ServiceLoader$ProviderSpliterator
Event: 33.650 Loading class java/util/ServiceLoader$ProviderSpliterator done
Event: 33.653 Loading class java/util/ResourceBundle$Control$2
Event: 33.653 Loading class java/util/ResourceBundle$Control$2 done
Event: 33.702 Loading class java/io/UTFDataFormatException
Event: 33.702 Loading class java/io/UTFDataFormatException done
Event: 33.842 Loading class org/w3c/dom/DOMImplementation
Event: 33.843 Loading class org/w3c/dom/DOMImplementation done
Event: 33.847 Loading class org/xml/sax/ext/LexicalHandler
Event: 33.848 Loading class org/xml/sax/ext/LexicalHandler done
Event: 33.848 Loading class org/xml/sax/ext/DeclHandler
Event: 33.848 Loading class org/xml/sax/ext/DeclHandler done
Event: 33.858 Loading class org/w3c/dom/CDATASection
Event: 33.858 Loading class org/w3c/dom/CDATASection done
Event: 33.889 Loading class java/lang/ThreadDeath
Event: 33.890 Loading class java/lang/ThreadDeath done
Event: 33.896 Loading class org/w3c/dom/ProcessingInstruction
Event: 33.897 Loading class org/w3c/dom/ProcessingInstruction done
Event: 33.918 Loading class org/w3c/dom/DocumentFragment
Event: 33.918 Loading class org/w3c/dom/DocumentFragment done

Classes unloaded (0 events):
No events

Classes redefined (0 events):
No events

Internal exceptions (20 events):
Event: 9.830 Thread 0x00000215918bb8c0 Implicit null exception at 0x000002159cde7a05 to 0x000002159cde7c70
Event: 17.641 Thread 0x00000215918bb8c0 Exception <a 'java/lang/NoSuchMethodError'{0x00000000a34d3708}: 'java.lang.Object java.lang.invoke.DirectMethodHandle$Holder.invokeStatic(java.lang.Object, java.lang.Object, int, java.lang.Object, java.lang.Object)'> (0x00000000a34d3708) 
thrown [s\src\hotspot\share\interpreter\linkResolver.cpp, line 773]
Event: 17.655 Thread 0x00000215efc8bb00 Exception <a 'java/lang/NoSuchMethodError'{0x00000000a3bddcc8}: 'void java.lang.invoke.DirectMethodHandle$Holder.invokeSpecial(java.lang.Object, java.lang.Object, int, java.lang.Object, java.lang.Object)'> (0x00000000a3bddcc8) 
thrown [s\src\hotspot\share\interpreter\linkResolver.cpp, line 773]
Event: 18.421 Thread 0x00000215efd75e80 Exception <a 'java/io/IOException'{0x00000000a6f500b0}> (0x00000000a6f500b0) 
thrown [s\src\hotspot\share\prims\jni.cpp, line 520]
Event: 18.423 Thread 0x00000215efd75e80 Exception <a 'java/net/ConnectException'{0x00000000a6f51b80}: Connection refused: getsockopt> (0x00000000a6f51b80) 
thrown [s\src\hotspot\share\prims\jni.cpp, line 539]
Event: 18.738 Thread 0x00000215efd75e80 Exception <a 'java/net/ConnectException'{0x00000000a6f53840}: Connection refused: getsockopt> (0x00000000a6f53840) 
thrown [s\src\hotspot\share\prims\jni.cpp, line 539]
Event: 18.750 Thread 0x00000215efd75e80 Exception <a 'java/net/ConnectException'{0x00000000a6f54840}: Connection refused: getsockopt> (0x00000000a6f54840) 
thrown [s\src\hotspot\share\prims\jni.cpp, line 539]
Event: 18.782 Thread 0x00000215efd75e80 Exception <a 'java/net/ConnectException'{0x00000000a6f55840}: Connection refused: getsockopt> (0x00000000a6f55840) 
thrown [s\src\hotspot\share\prims\jni.cpp, line 539]
Event: 33.006 Thread 0x00000215918bb8c0 Exception <a 'java/lang/NoSuchMethodError'{0x00000000a4730760}: 'void java.lang.invoke.DirectMethodHandle$Holder.invokeStaticInit(java.lang.Object)'> (0x00000000a4730760) 
thrown [s\src\hotspot\share\interpreter\linkResolver.cpp, line 773]
Event: 33.048 Thread 0x00000215918bb8c0 Exception <a 'java/lang/NoSuchMethodError'{0x00000000a47c6558}: 'int java.lang.invoke.DirectMethodHandle$Holder.invokeSpecial(java.lang.Object, java.lang.Object, int)'> (0x00000000a47c6558) 
thrown [s\src\hotspot\share\interpreter\linkResolver.cpp, line 773]
Event: 33.075 Thread 0x00000215918bb8c0 Exception <a 'java/lang/NoSuchMethodError'{0x00000000a4621780}: 'void java.lang.invoke.DirectMethodHandle$Holder.invokeStaticInit(java.lang.Object, java.lang.Object, java.lang.Object)'> (0x00000000a4621780) 
thrown [s\src\hotspot\share\interpreter\linkResolver.cpp, line 773]
Event: 33.078 Thread 0x00000215918bb8c0 Exception <a 'java/lang/NoSuchMethodError'{0x00000000a462db80}: 'java.lang.Object java.lang.invoke.DirectMethodHandle$Holder.invokeStaticInit(java.lang.Object, java.lang.Object, java.lang.Object)'> (0x00000000a462db80) 
thrown [s\src\hotspot\share\interpreter\linkResolver.cpp, line 773]
Event: 33.087 Thread 0x00000215918bb8c0 Exception <a 'java/lang/NoSuchMethodError'{0x00000000a464cae8}: 'void java.lang.invoke.DirectMethodHandle$Holder.invokeStatic(java.lang.Object, int)'> (0x00000000a464cae8) 
thrown [s\src\hotspot\share\interpreter\linkResolver.cpp, line 773]
Event: 33.087 Thread 0x00000215918bb8c0 Exception <a 'java/lang/NoSuchMethodError'{0x00000000a4650210}: 'void java.lang.invoke.DirectMethodHandle$Holder.invokeStaticInit(java.lang.Object, int)'> (0x00000000a4650210) 
thrown [s\src\hotspot\share\interpreter\linkResolver.cpp, line 773]
Event: 33.220 Thread 0x00000215918bb8c0 Exception <a 'java/lang/NoSuchMethodError'{0x00000000a45fb4e0}: 'void java.lang.invoke.DirectMethodHandle$Holder.invokeVirtual(java.lang.Object, java.lang.Object, java.lang.Object, int)'> (0x00000000a45fb4e0) 
thrown [s\src\hotspot\share\interpreter\linkResolver.cpp, line 773]
Event: 33.228 Thread 0x00000215918bb8c0 Exception <a 'java/lang/NoSuchMethodError'{0x00000000a442da50}: 'void java.lang.invoke.DirectMethodHandle$Holder.invokeStatic(java.lang.Object, java.lang.Object, java.lang.Object, int)'> (0x00000000a442da50) 
thrown [s\src\hotspot\share\interpreter\linkResolver.cpp, line 773]
Event: 33.228 Thread 0x00000215918bb8c0 Exception <a 'java/lang/NoSuchMethodError'{0x00000000a4430f30}: 'void java.lang.invoke.DirectMethodHandle$Holder.invokeStaticInit(java.lang.Object, java.lang.Object, java.lang.Object, int)'> (0x00000000a4430f30) 
thrown [s\src\hotspot\share\interpreter\linkResolver.cpp, line 773]
Event: 33.345 Thread 0x00000215918bb8c0 Exception <a 'java/lang/NoSuchMethodError'{0x00000000a4223550}: 'java.lang.Object java.lang.invoke.DirectMethodHandle$Holder.invokeStatic(java.lang.Object, java.lang.Object, int, int)'> (0x00000000a4223550) 
thrown [s\src\hotspot\share\interpreter\linkResolver.cpp, line 773]
Event: 33.346 Thread 0x00000215918bb8c0 Exception <a 'java/lang/NoSuchMethodError'{0x00000000a4226c10}: 'java.lang.Object java.lang.invoke.DirectMethodHandle$Holder.invokeStaticInit(java.lang.Object, java.lang.Object, int, int)'> (0x00000000a4226c10) 
thrown [s\src\hotspot\share\interpreter\linkResolver.cpp, line 773]
Event: 33.713 Thread 0x00000215918bb8c0 Exception <a 'java/lang/NoSuchMethodError'{0x00000000a3a00000}: 'java.lang.Object java.lang.invoke.DirectMethodHandle$Holder.newInvokeSpecial(java.lang.Object, java.lang.Object, int, java.lang.Object)'> (0x00000000a3a00000) 
thrown [s\src\hotspot\share\interpreter\linkResolver.cpp, line 773]

ZGC Phase Switch (0 events):
No events

VM Operations (20 events):
Event: 26.740 Executing VM operation: Cleanup
Event: 26.740 Executing VM operation: Cleanup done
Event: 31.778 Executing VM operation: Cleanup
Event: 31.778 Executing VM operation: Cleanup done
Event: 32.782 Executing VM operation: Cleanup
Event: 32.782 Executing VM operation: Cleanup done
Event: 32.965 Executing VM operation: HandshakeAllThreads (Deoptimize)
Event: 32.965 Executing VM operation: HandshakeAllThreads (Deoptimize) done
Event: 33.130 Executing VM operation: HandshakeAllThreads (Deoptimize)
Event: 33.130 Executing VM operation: HandshakeAllThreads (Deoptimize) done
Event: 33.702 Executing VM operation: HandshakeAllThreads (Deoptimize)
Event: 33.702 Executing VM operation: HandshakeAllThreads (Deoptimize) done
Event: 33.706 Executing VM operation: G1CollectForAllocation (G1 Evacuation Pause)
Event: 33.712 Executing VM operation: G1CollectForAllocation (G1 Evacuation Pause) done
Event: 33.760 Executing VM operation: G1CollectForAllocation (G1 Evacuation Pause)
Event: 33.765 Executing VM operation: G1CollectForAllocation (G1 Evacuation Pause) done
Event: 33.793 Executing VM operation: G1CollectForAllocation (G1 Evacuation Pause)
Event: 33.797 Executing VM operation: G1CollectForAllocation (G1 Evacuation Pause) done
Event: 34.802 Executing VM operation: Cleanup
Event: 34.802 Executing VM operation: Cleanup done

Memory protections (0 events):
No events

Nmethod flushes (0 events):
No events

Events (20 events):
Event: 18.438 Thread 0x00000215f014dcd0 Thread exited: 0x00000215f014dcd0
Event: 18.445 Thread 0x00000215efd75820 Thread exited: 0x00000215efd75820
Event: 18.445 Thread 0x00000215efd751c0 Thread exited: 0x00000215efd751c0
Event: 18.445 Thread 0x00000215efc86f30 Thread exited: 0x00000215efc86f30
Event: 18.445 Thread 0x00000215efc86210 Thread exited: 0x00000215efc86210
Event: 18.466 Thread 0x00000215918bb8c0 Thread added: 0x00000215efc86f30
Event: 18.714 Thread 0x00000215efc86f30 Thread exited: 0x00000215efc86f30
Event: 18.726 Thread 0x00000215918bb8c0 Thread added: 0x00000215efc86f30
Event: 18.736 Thread 0x00000215918bb8c0 Thread added: 0x00000215efc875c0
Event: 18.737 Thread 0x00000215918bb8c0 Thread added: 0x00000215efc847d0
Event: 18.737 Thread 0x00000215918bb8c0 Thread added: 0x00000215efc86210
Event: 18.833 Thread 0x00000215918bb8c0 Thread added: 0x00000215efc85b80
Event: 18.836 Thread 0x00000215efc86f30 Thread added: 0x00000215efc84e60
Event: 18.836 Thread 0x00000215efc86f30 Thread added: 0x00000215efc854f0
Event: 20.245 Thread 0x00000215918bb8c0 Thread added: 0x00000215a93e9ec0
Event: 20.246 Thread 0x00000215918bb8c0 Thread added: 0x00000215a93ea550
Event: 20.249 Thread 0x00000215a93e9ec0 Thread added: 0x00000215a93e9830
Event: 20.250 Thread 0x00000215a93e9ec0 Thread added: 0x00000215a93eabe0
Event: 33.442 Thread 0x00000215efc868a0 Thread exited: 0x00000215efc868a0
Event: 33.802 Thread 0x00000215a916cdc0 Thread added: 0x00000215a9757ba0


Dynamic libraries:
0x00007ff745650000 - 0x00007ff74565e000 	C:\Users\VAMSHI\.p2\pool\plugins\org.eclipse.justj.openjdk.hotspot.jre.full.win32.x86_64_21.0.9.v20251105-0741\jre\bin\javaw.exe
0x00007fff6c0a0000 - 0x00007fff6c307000 	C:\WINDOWS\SYSTEM32\ntdll.dll
0x00007fff6a7a0000 - 0x00007fff6a869000 	C:\WINDOWS\System32\KERNEL32.DLL
0x00007fff69410000 - 0x00007fff697ff000 	C:\WINDOWS\System32\KERNELBASE.dll
0x00007fff69c30000 - 0x00007fff69d7b000 	C:\WINDOWS\System32\ucrtbase.dll
0x00007fff4c660000 - 0x00007fff4c678000 	C:\Users\VAMSHI\.p2\pool\plugins\org.eclipse.justj.openjdk.hotspot.jre.full.win32.x86_64_21.0.9.v20251105-0741\jre\bin\jli.dll
0x00007fff42780000 - 0x00007fff4279e000 	C:\Users\VAMSHI\.p2\pool\plugins\org.eclipse.justj.openjdk.hotspot.jre.full.win32.x86_64_21.0.9.v20251105-0741\jre\bin\VCRUNTIME140.dll
0x00007fff6a300000 - 0x00007fff6a4c5000 	C:\WINDOWS\System32\USER32.dll
0x00007fff69c00000 - 0x00007fff69c27000 	C:\WINDOWS\System32\win32u.dll
0x00007fff6ab30000 - 0x00007fff6ab5b000 	C:\WINDOWS\System32\GDI32.dll
0x00007fff683f0000 - 0x00007fff68683000 	C:\WINDOWS\WinSxS\amd64_microsoft.windows.common-controls_6595b64144ccf1df_6.0.26100.7309_none_3e05feeae336a044\COMCTL32.dll
0x00007fff69a20000 - 0x00007fff69b4c000 	C:\WINDOWS\System32\gdi32full.dll
0x00007fff6a870000 - 0x00007fff6a919000 	C:\WINDOWS\System32\msvcrt.dll
0x00007fff69360000 - 0x00007fff69403000 	C:\WINDOWS\System32\msvcp_win.dll
0x00007fff6ad10000 - 0x00007fff6ad41000 	C:\WINDOWS\System32\IMM32.DLL
0x00007fff4c5f0000 - 0x00007fff4c5fc000 	C:\Users\VAMSHI\.p2\pool\plugins\org.eclipse.justj.openjdk.hotspot.jre.full.win32.x86_64_21.0.9.v20251105-0741\jre\bin\vcruntime140_1.dll
0x00007ffee9ff0000 - 0x00007ffeea07d000 	C:\Users\VAMSHI\.p2\pool\plugins\org.eclipse.justj.openjdk.hotspot.jre.full.win32.x86_64_21.0.9.v20251105-0741\jre\bin\msvcp140.dll
0x00007ffe91df0000 - 0x00007ffe92b90000 	C:\Users\VAMSHI\.p2\pool\plugins\org.eclipse.justj.openjdk.hotspot.jre.full.win32.x86_64_21.0.9.v20251105-0741\jre\bin\server\jvm.dll
0x00007fff6b5b0000 - 0x00007fff6b664000 	C:\WINDOWS\System32\ADVAPI32.dll
0x00007fff6b500000 - 0x00007fff6b5a6000 	C:\WINDOWS\System32\sechost.dll
0x00007fff6ab60000 - 0x00007fff6ac78000 	C:\WINDOWS\System32\RPCRT4.dll
0x00007fff69e40000 - 0x00007fff69eb4000 	C:\WINDOWS\System32\WS2_32.dll
0x00007fff69070000 - 0x00007fff690ce000 	C:\WINDOWS\SYSTEM32\POWRPROF.dll
0x00007fff5f600000 - 0x00007fff5f635000 	C:\WINDOWS\SYSTEM32\WINMM.dll
0x00007fff60820000 - 0x00007fff6082b000 	C:\WINDOWS\SYSTEM32\VERSION.dll
0x00007fff69030000 - 0x00007fff69044000 	C:\WINDOWS\SYSTEM32\UMPDC.dll
0x00007fff67670000 - 0x00007fff6768b000 	C:\WINDOWS\SYSTEM32\kernel.appcore.dll
0x00007fff57f60000 - 0x00007fff57f6a000 	C:\Users\VAMSHI\.p2\pool\plugins\org.eclipse.justj.openjdk.hotspot.jre.full.win32.x86_64_21.0.9.v20251105-0741\jre\bin\jimage.dll
0x00007fff689a0000 - 0x00007fff68be2000 	C:\WINDOWS\SYSTEM32\DBGHELP.DLL
0x00007fff6bb00000 - 0x00007fff6be85000 	C:\WINDOWS\System32\combase.dll
0x00007fff6a6c0000 - 0x00007fff6a796000 	C:\WINDOWS\System32\OLEAUT32.dll
0x00007fff68890000 - 0x00007fff688cc000 	C:\WINDOWS\SYSTEM32\dbgcore.DLL
0x00007fff69b50000 - 0x00007fff69bf5000 	C:\WINDOWS\System32\bcryptPrimitives.dll
0x00007fff57f40000 - 0x00007fff57f60000 	C:\Users\VAMSHI\.p2\pool\plugins\org.eclipse.justj.openjdk.hotspot.jre.full.win32.x86_64_21.0.9.v20251105-0741\jre\bin\java.dll
0x00007fff6ad50000 - 0x00007fff6b4a3000 	C:\WINDOWS\System32\SHELL32.dll
0x00007fff691f0000 - 0x00007fff6935a000 	C:\WINDOWS\System32\wintypes.dll
0x00007fff66330000 - 0x00007fff66b8e000 	C:\WINDOWS\SYSTEM32\windows.storage.dll
0x00007fff69f60000 - 0x00007fff6a055000 	C:\WINDOWS\System32\SHCORE.dll
0x00007fff6a1d0000 - 0x00007fff6a236000 	C:\WINDOWS\System32\shlwapi.dll
0x00007fff69110000 - 0x00007fff69139000 	C:\WINDOWS\SYSTEM32\profapi.dll
0x00007fff57f20000 - 0x00007fff57f38000 	C:\Users\VAMSHI\.p2\pool\plugins\org.eclipse.justj.openjdk.hotspot.jre.full.win32.x86_64_21.0.9.v20251105-0741\jre\bin\zip.dll
0x00007fff57f10000 - 0x00007fff57f20000 	C:\Users\VAMSHI\.p2\pool\plugins\org.eclipse.justj.openjdk.hotspot.jre.full.win32.x86_64_21.0.9.v20251105-0741\jre\bin\net.dll
0x00007fff604a0000 - 0x00007fff605c8000 	C:\WINDOWS\SYSTEM32\WINHTTP.dll
0x00007fff67ba0000 - 0x00007fff67c0b000 	C:\WINDOWS\system32\mswsock.dll
0x00007fff50850000 - 0x00007fff50866000 	C:\Users\VAMSHI\.p2\pool\plugins\org.eclipse.justj.openjdk.hotspot.jre.full.win32.x86_64_21.0.9.v20251105-0741\jre\bin\nio.dll
0x00007fff67100000 - 0x00007fff6722c000 	C:\WINDOWS\SYSTEM32\DNSAPI.dll
0x00007fff67070000 - 0x00007fff670a4000 	C:\WINDOWS\SYSTEM32\IPHLPAPI.DLL
0x00007fff6ac80000 - 0x00007fff6ac8a000 	C:\WINDOWS\System32\NSI.dll
0x00007fff5c970000 - 0x00007fff5c97b000 	C:\Windows\System32\rasadhlp.dll
0x00007fff5f4a0000 - 0x00007fff5f526000 	C:\WINDOWS\System32\fwpuclnt.dll
0x00007fff597f0000 - 0x00007fff597f9000 	C:\Users\VAMSHI\.p2\pool\plugins\org.eclipse.justj.openjdk.hotspot.jre.full.win32.x86_64_21.0.9.v20251105-0741\jre\bin\extnet.dll
0x00007fff68d10000 - 0x00007fff68d2b000 	C:\WINDOWS\SYSTEM32\CRYPTSP.dll
0x00007fff67cf0000 - 0x00007fff67d2a000 	C:\WINDOWS\system32\rsaenh.dll
0x00007fff67c10000 - 0x00007fff67c3b000 	C:\WINDOWS\SYSTEM32\USERENV.dll
0x00007fff690e0000 - 0x00007fff6910a000 	C:\WINDOWS\SYSTEM32\bcrypt.dll
0x00007fff67ea0000 - 0x00007fff67eac000 	C:\WINDOWS\SYSTEM32\CRYPTBASE.dll
0x00007fff49800000 - 0x00007fff4980a000 	C:\Users\VAMSHI\.p2\pool\plugins\org.eclipse.justj.openjdk.hotspot.jre.full.win32.x86_64_21.0.9.v20251105-0741\jre\bin\management.dll
0x00007fff42910000 - 0x00007fff4291c000 	C:\Users\VAMSHI\.p2\pool\plugins\org.eclipse.justj.openjdk.hotspot.jre.full.win32.x86_64_21.0.9.v20251105-0741\jre\bin\management_ext.dll
0x00007fff6beb0000 - 0x00007fff6beb8000 	C:\WINDOWS\System32\PSAPI.DLL
0x00007fff4d9a0000 - 0x00007fff4d9b8000 	C:\WINDOWS\system32\napinsp.dll
0x00007fff4d870000 - 0x00007fff4d882000 	C:\WINDOWS\System32\winrnr.dll
0x00007fff4d840000 - 0x00007fff4d862000 	C:\WINDOWS\system32\nlansp_c.dll
0x00007fff60860000 - 0x00007fff60876000 	C:\WINDOWS\system32\wshbth.dll
0x00007fff4fb30000 - 0x00007fff4fb3e000 	C:\Users\VAMSHI\.p2\pool\plugins\org.eclipse.justj.openjdk.hotspot.jre.full.win32.x86_64_21.0.9.v20251105-0741\jre\bin\sunmscapi.dll
0x00007fff69810000 - 0x00007fff69987000 	C:\WINDOWS\System32\CRYPT32.dll
0x00007fff682b0000 - 0x00007fff682e0000 	C:\WINDOWS\SYSTEM32\ncrypt.dll
0x00007fff68220000 - 0x00007fff6825f000 	C:\WINDOWS\SYSTEM32\NTASN1.dll
0x00007fff4a6e0000 - 0x00007fff4a6e8000 	C:\WINDOWS\system32\wshunix.dll

JVMTI agents: none

dbghelp: loaded successfully - version: 4.0.5 - missing functions: none
symbol engine: initialized successfully - sym options: 0x614 - pdb path: .;C:\Users\VAMSHI\.p2\pool\plugins\org.eclipse.justj.openjdk.hotspot.jre.full.win32.x86_64_21.0.9.v20251105-0741\jre\bin;C:\WINDOWS\SYSTEM32;C:\WINDOWS\WinSxS\amd64_microsoft.windows.common-controls_6595b64144ccf1df_6.0.26100.7309_none_3e05feeae336a044;C:\Users\VAMSHI\.p2\pool\plugins\org.eclipse.justj.openjdk.hotspot.jre.full.win32.x86_64_21.0.9.v20251105-0741\jre\bin\server

VM Arguments:
jvm_args: -ea -Dfile.encoding=UTF-8 -Dstdout.encoding=UTF-8 -Dstderr.encoding=UTF-8 -XX:+ShowCodeDetailsInExceptionMessages 
java_command: org.testng.remote.RemoteTestNG -serport 25189 -protocol json -d C:\Javaworkspace11nov\Opencartv1\test-output C:\Javaworkspace11nov\Opencartv1\master.xml
java_class_path (initial): C:\Users\VAMSHI\eclipse\java-2025-09\eclipse\configuration\org.eclipse.osgi\527\0\.cp\lib\testng-remote.jar;C:\Javaworkspace11nov\Opencartv1\target\test-classes;C:\Javaworkspace11nov\Opencartv1\target\classes;C:\Users\VAMSHI\.m2\repository\com\aventstack\extentreports\5.1.2\extentreports-5.1.2.jar;C:\Users\VAMSHI\.m2\repository\io\reactivex\rxjava3\rxjava\3.1.6\rxjava-3.1.6.jar;C:\Users\VAMSHI\.m2\repository\org\reactivestreams\reactive-streams\1.0.4\reactive-streams-1.0.4.jar;C:\Users\VAMSHI\.m2\repository\org\freemarker\freemarker\2.3.32\freemarker-2.3.32.jar;C:\Users\VAMSHI\.m2\repository\org\projectlombok\lombok\1.18.26\lombok-1.18.26.jar;C:\Users\VAMSHI\.m2\repository\com\google\code\gson\gson\2.10.1\gson-2.10.1.jar;C:\Users\VAMSHI\.m2\repository\org\seleniumhq\selenium\selenium-java\4.40.0\selenium-java-4.40.0.jar;C:\Users\VAMSHI\.m2\repository\org\seleniumhq\selenium\selenium-api\4.40.0\selenium-api-4.40.0.jar;C:\Users\VAMSHI\.m2\repository\org\jspecify\jspecify\1.0.0\jspecify-1.0.0.jar;C:\Users\VAMSHI\.m2\repository\org\seleniumhq\selenium\selenium-chrome-driver\4.40.0\selenium-chrome-driver-4.40.0.jar;C:\Users\VAMSHI\.m2\repository\com\google\auto\service\auto-service-annotations\1.1.1\auto-service-annotations-1.1.1.jar;C:\Users\VAMSHI\.m2\repository\org\seleniumhq\selenium\selenium-chromium-driver\4.40.0\selenium-chromium-driver-4.40.0.jar;C:\Users\VAMSHI\.m2\repository\org\seleniumhq\selenium\selenium-json\4.40.0\selenium-json-4.40.0.jar;C:\Users\VAMSHI\.m2\repository\org\seleniumhq\selenium\selenium-manager\4.40.0\selenium-manager-4.40.0.jar;C:\Users\VAMSHI\.m2\repository\org\seleniumhq\selenium\selenium-devtools-v142\4.40.0\selenium-devtools-v142-4.40.0.jar;C:\Users\VAMSHI\.m2\repository\org\seleniumhq\selenium\selenium-devtools-v143\4.40.0\selenium-devtools-v143-4.40.0.jar;C:\Users\VAMSHI\.m2\repository\org\seleniumhq\selenium\selenium-devtools-v144\4.40.0\selenium-devtools-v144-4.40.0.jar;C:\Users\VAMSHI\.m2\repository\org\seleniumhq\selenium\selenium-edge-driver\4.40.0\selenium-edge-driver-4.40.0.jar;C:\Users\VAMSHI\.m2\repository\org\seleniumhq\selenium\selenium-firefox-driver\4.40.0\selenium-firefox-driver-4.40.0.jar;C:\Users\VAMSHI\.m2\repository\org\seleniumhq\selenium\selenium-http\4.40.0\selenium-http-4.40.0.jar;C:\Users\VAMSHI\.m2\repository\org\seleniumhq\selenium\selenium-ie-driver\4.40.0\selenium-ie-driver-4.40.0.jar;C:\Users\VAMSHI\.m2\repository\org\seleniumhq\selenium\selenium-remote-driver\4.40.0\selenium-remote-driver-4.40.0.jar;C:\Users\VAMSHI\.m2\repository\com\google\guava\guava\33.5.0-jre\guava-33.5.0-jre.jar;C:\Users\VAMSHI\.m2\repository\com\google\guava\failureaccess\1.0.3\failureaccess-1.0.3.jar;C:\Users\VAMSHI\.m2\repository\com\google\guava\listenablefuture\9999.0-empty-to-avoid-conflict-with-guava\listenablefuture-9999.0-empty-to-avoid-conflict-with-guava.jar;C:\Users\VAMSHI\.m2\repository\com\google\errorprone\error_prone_annotations\2.41.0\error_prone_annotations-2.41.0.jar;C:\Users\VAMSHI\.m2\repository\com\google\j2objc\j2objc-annotations\3.1\j2objc-annotations-3.1.jar;C:\Users\VAMSHI\.m2\repository\io\opentelemetry\opentelemetry-api\1.58.0\opentelemetry-api-1.58.0.jar;C:\Users\VAMSHI\.m2\repository\io\opentelemetry\opentelemetry-context\1.58.0\opentelemetry-context-1.58.0.jar;C:\Users\VAMSHI\.m2\repository\io\opentelemetry\opentelemetry-common\1.58.0\opentelemetry-common-1.58.0.jar;C:\Users\VAMSHI\.m2\repository\io\opentelemetry\opentelemetry-exporter-logging\1.58.0\opentelemetry-exporter-logging-1.58.0.jar;C:\Users\VAMSHI\.m2\repository\io\opentelemetry\opentelemetry-sdk-common\1.58.0\opentelemetry-sdk-common-1.58.0.jar;C:\Users\VAMSHI\.m2\repository\io\opentelemetry\opentelemetry-sdk-extension-autoconfigure-spi\1.58.0\opentelemetry-sdk-extension-autoconfigure-spi-1.58.0.jar;C:\Users\VAMSHI\.m2\repository\io\opentelemetry\opentelemetry-sdk-extension-autoconfigure\1.58.0\opentelemetry-sdk-extension-autoconfigure-1.58.0.jar;C:\Users\VAMSHI\.m2\repository\io\opentelemetry\opentelemetry-sdk-trace\1.58.0\opentelemetry-sdk-trace-1.58.0.jar;C:\Users\VAMSHI\.m2\repository\io\opentelemetry\opentelemetry-sdk\1.58.0\opentelemetry-sdk-1.58.0.jar;C:\Users\VAMSHI\.m2\repository\io\opentelemetry\opentelemetry-sdk-metrics\1.58.0\opentelemetry-sdk-metrics-1.58.0.jar;C:\Users\VAMSHI\.m2\repository\io\opentelemetry\opentelemetry-sdk-logs\1.58.0\opentelemetry-sdk-logs-1.58.0.jar;C:\Users\VAMSHI\.m2\repository\net\bytebuddy\byte-buddy\1.18.4\byte-buddy-1.18.4.jar;C:\Users\VAMSHI\.m2\repository\org\seleniumhq\selenium\selenium-os\4.40.0\selenium-os-4.40.0.jar;C:\Users\VAMSHI\.m2\repository\org\seleniumhq\selenium\selenium-safari-driver\4.40.0\selenium-safari-driver-4.40.0.jar;C:\Users\VAMSHI\.m2\repository\org\seleniumhq\selenium\selenium-support\4.40.0\selenium-support-4.40.0.jar;C:\Users\VAMSHI\.m2\repository\org\apache\poi\poi\5.5.1\poi-5.5.1.jar;C:\Users\VAMSHI\.m2\repository\commons-codec\commons-codec\1.20.0\commons-codec-1.20.0.jar;C:\Users\VAMSHI\.m2\repository\org\apache\commons\commons-collections4\4.5.0\commons-collections4-4.5.0.jar;C:\Users\VAMSHI\.m2\repository\org\apache\commons\commons-math3\3.6.1\commons-math3-3.6.1.jar;C:\Users\VAMSHI\.m2\repository\com\zaxxer\SparseBitSet\1.3\SparseBitSet-1.3.jar;C:\Users\VAMSHI\.m2\repository\org\apache\poi\poi-ooxml\5.5.1\poi-ooxml-5.5.1.jar;C:\Users\VAMSHI\.m2\repository\org\apache\poi\poi-ooxml-lite\5.5.1\poi-ooxml-lite-5.5.1.jar;C:\Users\VAMSHI\.m2\repository\org\apache\xmlbeans\xmlbeans\5.3.0\xmlbeans-5.3.0.jar;C:\Users\VAMSHI\.m2\repository\org\apache\commons\commons-compress\1.28.0\commons-compress-1.28.0.jar;C:\Users\VAMSHI\.m2\repository\com\github\virtuald\curvesapi\1.08\curvesapi-1.08.jar;C:\Users\VAMSHI\.m2\repository\org\apache\logging\log4j\log4j-core\2.25.3\log4j-core-2.25.3.jar;C:\Users\VAMSHI\.m2\repository\org\apache\logging\log4j\log4j-api\2.25.3\log4j-api-2.25.3.jar;C:\Users\VAMSHI\.m2\repository\commons-io\commons-io\2.21.0\commons-io-2.21.0.jar;C:\Users\VAMSHI\.m2\repository\org\testng\testng\7.12.0\testng-7.12.0.jar;C:\Users\VAMSHI\.m2\repository\org\slf4j\slf4j-api\2.0.16\slf4j-api-2.0.16.jar;C:\Users\VAMSHI\.m2\repository\org\jcommander\jcommander\1.83\jcommander-1.83.jar;C:\Users\VAMSHI\.m2\repository\org\webjars\jquery\3.7.1\jquery-3.7.1.jar;C:\Users\VAMSHI\.m2\repository\org\apache\commons\commons-lang3\3.20.0\commons-lang3-3.20.0.jar
Launcher Type: SUN_STANDARD

[Global flags]
     intx CICompilerCount                          = 4                                         {product} {ergonomic}
     uint ConcGCThreads                            = 3                                         {product} {ergonomic}
     uint G1ConcRefinementThreads                  = 10                                        {product} {ergonomic}
   size_t G1HeapRegionSize                         = 1048576                                   {product} {ergonomic}
    uintx GCDrainStackTargetSize                   = 64                                        {product} {ergonomic}
   size_t InitialHeapSize                          = 98566144                                  {product} {ergonomic}
   size_t MarkStackSize                            = 4194304                                   {product} {ergonomic}
   size_t MaxHeapSize                              = 1574961152                                {product} {ergonomic}
   size_t MaxNewSize                               = 944766976                                 {product} {ergonomic}
   size_t MinHeapDeltaBytes                        = 1048576                                   {product} {ergonomic}
   size_t MinHeapSize                              = 8388608                                   {product} {ergonomic}
    uintx NonNMethodCodeHeapSize                   = 5839372                                {pd product} {ergonomic}
    uintx NonProfiledCodeHeapSize                  = 122909434                              {pd product} {ergonomic}
    uintx ProfiledCodeHeapSize                     = 122909434                              {pd product} {ergonomic}
    uintx ReservedCodeCacheSize                    = 251658240                              {pd product} {ergonomic}
     bool SegmentedCodeCache                       = true                                      {product} {ergonomic}
     bool ShowCodeDetailsInExceptionMessages       = true                                   {manageable} {command line}
   size_t SoftMaxHeapSize                          = 1574961152                             {manageable} {ergonomic}
     bool UseCompressedOops                        = true                           {product lp64_product} {ergonomic}
     bool UseG1GC                                  = true                                      {product} {ergonomic}
     bool UseLargePagesIndividualAllocation        = false                                  {pd product} {ergonomic}

Logging:
Log output configuration:
 #0: stdout all=warning uptime,level,tags foldmultilines=false
 #1: stderr all=off uptime,level,tags foldmultilines=false

Release file:
JAVA_VERSION="21.0.9" 
MODULES="java.base java.compiler java.datatransfer java.xml java.prefs java.desktop java.instrument java.logging java.management java.security.sasl java.naming java.rmi java.management.rmi java.net.http java.scripting java.security.jgss java.transaction.xa java.sql java.sql.rowset java.xml.crypto java.se java.smartcardio jdk.accessibility jdk.internal.jvmstat jdk.attach jdk.charsets jdk.internal.opt jdk.zipfs jdk.compiler jdk.crypto.ec jdk.crypto.cryptoki jdk.crypto.mscapi jdk.dynalink jdk.internal.ed jdk.editpad jdk.hotspot.agent jdk.httpserver jdk.internal.le jdk.internal.vm.ci jdk.internal.vm.compiler jdk.internal.vm.compiler.management jdk.jartool jdk.javadoc jdk.jcmd jdk.management jdk.management.agent jdk.jconsole jdk.jdeps jdk.jdwp.agent jdk.jdi jdk.jfr jdk.jshell jdk.jsobject jdk.jstatd jdk.localedata jdk.management.jfr jdk.naming.dns jdk.naming.rmi jdk.net jdk.nio.mapmode jdk.random jdk.sctp jdk.security.auth jdk.security.jgss jdk.unsupported jdk.unsupported.desktop jdk.xml.dom" 

Environment Variables:
JAVA_HOME=C:\Program Files\Java\jdk-18.0.1.1
PATH=C:/Users/VAMSHI/.p2/pool/plugins/org.eclipse.justj.openjdk.hotspot.jre.full.win32.x86_64_21.0.9.v20251105-0741/jre/bin/server;C:/Users/VAMSHI/.p2/pool/plugins/org.eclipse.justj.openjdk.hotspot.jre.full.win32.x86_64_21.0.9.v20251105-0741/jre/bin;C:\Program Files\Common Files\Oracle\Java\javapath;C:\WINDOWS\system32;C:\WINDOWS;C:\WINDOWS\System32\Wbem;C:\WINDOWS\System32\WindowsPowerShell\v1.0\;C:\WINDOWS\System32\OpenSSH\;C:\Program Files (x86)\Micro Focus\LoadRunner\bin\Silk\Silk Performer 21.0;C:\strawberry\c\bin;C:\strawberry\perl\bin;C:\Program Files\Java\jdk-25\bin;C:\Users\VAMSHI\AppData\Local\Microsoft\WindowsApps;C:\Program Files\Java\jre1.8.0_333\bin;;C:\Users\VAMSHI\OneDrive\Desktop;
USERNAME=VAMSHI
TERM=dumb
OS=Windows_NT
PROCESSOR_IDENTIFIER=AMD64 Family 23 Model 104 Stepping 1, AuthenticAMD
TMP=C:\Users\VAMSHI\AppData\Local\Temp
TEMP=C:\Users\VAMSHI\AppData\Local\Temp




Periodic native trim disabled

---------------  S Y S T E M  ---------------

OS:
 Windows 11 , 64 bit Build 26100 (10.0.26100.7309)
OS uptime: 22 days 21:17 hours
Hyper-V role detected

CPU: total 12 (initial active 12) (12 cores per cpu, 2 threads per core) family 23 model 104 stepping 1 microcode 0x8608103, cx8, cmov, fxsr, ht, mmx, 3dnowpref, sse, sse2, sse3, ssse3, sse4a, sse4.1, sse4.2, popcnt, lzcnt, tsc, tscinvbit, avx, avx2, aes, clmul, bmi1, bmi2, adx, sha, fma, vzeroupper, clflush, clflushopt, hv, rdtscp, rdpid, f16c
Processor Information for processor 0
  Max Mhz: 2100, Current Mhz: 2100, Mhz Limit: 2100
Processor Information for processor 1
  Max Mhz: 2100, Current Mhz: 1813, Mhz Limit: 2100
Processor Information for processor 2
  Max Mhz: 2100, Current Mhz: 1813, Mhz Limit: 2100
Processor Information for processor 3
  Max Mhz: 2100, Current Mhz: 2100, Mhz Limit: 2100
Processor Information for processor 4
  Max Mhz: 2100, Current Mhz: 1813, Mhz Limit: 2100
Processor Information for processor 5
  Max Mhz: 2100, Current Mhz: 2100, Mhz Limit: 2100
Processor Information for processor 6
  Max Mhz: 2100, Current Mhz: 2100, Mhz Limit: 2100
Processor Information for processor 7
  Max Mhz: 2100, Current Mhz: 2100, Mhz Limit: 2100
Processor Information for processor 8
  Max Mhz: 2100, Current Mhz: 2100, Mhz Limit: 2100
Processor Information for processor 9
  Max Mhz: 2100, Current Mhz: 2100, Mhz Limit: 2100
Processor Information for processor 10
  Max Mhz: 2100, Current Mhz: 1813, Mhz Limit: 2100
Processor Information for processor 11
  Max Mhz: 2100, Current Mhz: 1813, Mhz Limit: 2100

Memory: 4k page, system-wide physical 6005M (403M free)
TotalPageFile size 24437M (AvailPageFile size 12M)
current process WorkingSet (physical memory assigned to process): 114M, peak: 146M
current process commit charge ("private bytes"): 191M, peak: 230M

vm_info: OpenJDK 64-Bit Server VM (21.0.9+10-LTS) for windows-amd64 JRE (21.0.9+10-LTS), built on 2025-10-21T00:00:00Z by "admin" with unknown MS VC++:1942

END.
