02:25:26.451 [main] INFO  testCases.TC003_LoginDDT - --------starting login test----
02:25:38.315 [main] INFO  testCases.TC003_LoginDDT - --------finished test----
02:25:38.319 [main] INFO  testCases.TC003_LoginDDT - --------starting login test----
02:25:40.646 [main] INFO  testCases.TC003_LoginDDT - --------finished test----
23:11:41.591 [main] INFO  testCases.TC002_LoginTest - --------starting login test----
23:11:50.154 [main] INFO  testCases.TC002_LoginTest - --------Test steps executed----
23:12:05.820 [main] DEBUG org.apache.poi.openxml4j.opc.PackageRelationshipCollection - Parsing relationship: /xl/_rels/workbook.xml.rels
23:12:05.827 [main] DEBUG org.apache.poi.openxml4j.opc.PackageRelationshipCollection - Parsing relationship: /_rels/.rels
00:16:38.947 [main] INFO  testCases.TC002_LoginTest - --------starting login test----
00:16:41.145 [main] INFO  testCases.TC002_LoginTest - --------Test steps executed----
00:16:46.091 [main] INFO  testCases.TC001_AccountRegistrationTest - *****starting TC001_AccountRegistrationTest*****
00:16:46.287 [main] INFO  testCases.TC001_AccountRegistrationTest - *****Clicked on Account*****
00:16:46.732 [main] INFO  testCases.TC001_AccountRegistrationTest - *****clicked on register*****
00:16:46.761 [main] INFO  testCases.TC001_AccountRegistrationTest - *****Filling customer details*****
00:16:48.737 [main] INFO  testCases.TC001_AccountRegistrationTest - *****Validating expecting message*****
00:16:51.789 [main] INFO  testCases.TC001_AccountRegistrationTest - Test finished
00:22:23.229 [main] INFO  testCases.TC002_LoginTest - --------starting login test----
00:22:27.840 [main] INFO  testCases.TC001_AccountRegistrationTest - *****starting TC001_AccountRegistrationTest*****
00:22:27.940 [main] INFO  testCases.TC001_AccountRegistrationTest - Test finished
00:23:18.061 [main] INFO  testCases.TC002_LoginTest - --------starting login test----
00:23:20.746 [main] INFO  testCases.TC001_AccountRegistrationTest - *****starting TC001_AccountRegistrationTest*****
00:23:20.887 [main] INFO  testCases.TC001_AccountRegistrationTest - Test finished
00:25:58.506 [TestNG-tests-1] INFO  testCases.TC002_LoginTest - --------starting login test----
00:26:03.387 [TestNG-tests-1] INFO  testCases.TC001_AccountRegistrationTest - *****starting TC001_AccountRegistrationTest*****
00:26:03.511 [TestNG-tests-1] INFO  testCases.TC001_AccountRegistrationTest - Test finished
00:27:00.780 [TestNG-tests-1] INFO  testCases.TC002_LoginTest - --------starting login test----
00:27:03.179 [TestNG-tests-1] INFO  testCases.TC002_LoginTest - --------Test steps executed----
00:27:06.897 [TestNG-tests-1] INFO  testCases.TC001_AccountRegistrationTest - *****starting TC001_AccountRegistrationTest*****
00:27:07.111 [TestNG-tests-1] INFO  testCases.TC001_AccountRegistrationTest - *****Clicked on Account*****
00:27:07.759 [TestNG-tests-1] INFO  testCases.TC001_AccountRegistrationTest - *****clicked on register*****
00:27:07.763 [TestNG-tests-1] INFO  testCases.TC001_AccountRegistrationTest - *****Filling customer details*****
00:27:09.427 [TestNG-tests-1] INFO  testCases.TC001_AccountRegistrationTest - *****Validating expecting message*****
00:27:12.475 [TestNG-tests-1] INFO  testCases.TC001_AccountRegistrationTest - Test finished
03:26:10.062 [main] INFO  testCases.TC002_LoginTest - --------starting login test----
03:26:12.018 [main] INFO  testCases.TC002_LoginTest - --------Test steps executed----
03:26:14.142 [main] INFO  testCases.TC001_AccountRegistrationTest - *****starting TC001_AccountRegistrationTest*****
03:26:14.270 [main] INFO  testCases.TC001_AccountRegistrationTest - *****Clicked on Account*****
03:26:14.643 [main] INFO  testCases.TC001_AccountRegistrationTest - *****clicked on register*****
03:26:14.662 [main] INFO  testCases.TC001_AccountRegistrationTest - *****Filling customer details*****
03:26:16.058 [main] INFO  testCases.TC001_AccountRegistrationTest - *****Validating expecting message*****
03:26:19.096 [main] INFO  testCases.TC001_AccountRegistrationTest - Test finished
03:27:19.255 [main] INFO  testCases.TC002_LoginTest - --------starting login test----
03:27:20.767 [main] INFO  testCases.TC002_LoginTest - --------Test steps executed----
03:27:22.725 [main] INFO  testCases.TC001_AccountRegistrationTest - *****starting TC001_AccountRegistrationTest*****
03:27:22.863 [main] INFO  testCases.TC001_AccountRegistrationTest - *****Clicked on Account*****
03:27:23.204 [main] INFO  testCases.TC001_AccountRegistrationTest - *****clicked on register*****
03:27:23.208 [main] INFO  testCases.TC001_AccountRegistrationTest - *****Filling customer details*****
03:27:24.680 [main] INFO  testCases.TC001_AccountRegistrationTest - *****Validating expecting message*****
03:27:27.717 [main] INFO  testCases.TC001_AccountRegistrationTest - Test finished
03:29:01.658 [main] INFO  testCases.TC002_LoginTest - --------starting login test----
03:29:03.116 [main] INFO  testCases.TC002_LoginTest - --------Test steps executed----
